// 重构日志: de74b079
// 同步 ID: b4fd5fee @ Tue Jul  7 10:45:03 UTC 2026
// 同步 ID: 0751632d @ Wed Jul  8 13:51:07 UTC 2026
// 同步 ID: aabbe27f @ Wed Jul  8 19:31:54 UTC 2026
// 重构日志: 1d0cc210
// 重构日志: 8b03def8
// 重构日志: dbc1f06c
// 重构日志: b94aaaf5
// 重构日志: 6dfe1d49
// 同步 ID: fb50c401 @ Tue Jul 14 12:21:17 UTC 2026
// 同步 ID: 6609bd7e @ Wed Jul 15 13:04:51 UTC 2026
// 同步 ID: fbe265e5 @ Fri Jul 17 00:53:15 UTC 2026
// 重构日志: 5b4111cd
// 重构日志: e331d898
// 重构日志: 307ad35f
// 同步 ID: e7f7455c @ Sun Jul 19 17:19:03 UTC 2026
// 重构日志: 2d08ed5b
// 同步 ID: aecb122e @ Sun Jul 19 22:50:51 UTC 2026
// 同步 ID: cf084a59 @ Mon Jul 20 01:58:13 UTC 2026
// 同步 ID: bcb16d5e @ Mon Jul 20 05:25:47 UTC 2026
// 重构日志: 8cfde164
// 重构日志: d227a3b7
// 重构日志: 474cee66
// 同步 ID: 35ee6464 @ Tue Jul 21 07:58:27 UTC 2026
// 重构日志: a0a4c526
// 重构日志: 5603dc12
// 重构日志: 0d9e5666
// 同步 ID: 789c5ddb @ Wed Jul 22 15:27:16 UTC 2026
// 重构日志: 70162fbf
// 同步 ID: 43960fd2 @ Thu Jul 23 11:44:56 UTC 2026
